<?xml version="1.0" encoding="UTF-8"?>
<!-- Generated by org.testng.reporters.JUnitXMLReporter -->
<testsuite ignored="0" hostname="Girish_PC" failures="3" tests="42" name="RegressionTest" time="595.256" errors="0" timestamp="2024-02-21T21:17:42 EST">
  <testcase classname="com.salesforce.automation.SalesforceLogin" name="CheckRemeberMe_TC3" time="7.929"/>
  <testcase classname="com.salesforce.automation.SalesforceLogin" name="ForgotPassword_TC4A" time="0.772"/>
  <testcase classname="com.salesforce.automation.SalesforceLogin" name="LoginErrorMessage_TC1" time="0.508"/>
  <testcase classname="com.salesforce.automation.SalesforceLogin" name="LoginToSalesForce_TC2" time="3.473"/>
  <testcase classname="com.salesforce.automation.SalesforceLogin" name="ValidateLoginErrorMessage_TC4B" time="0.338"/>
  <testcase classname="com.salesforce.automation.SalesforceUserMenu" name="chatterappmenu" time="10.195"/>
  <testcase classname="com.salesforce.automation.SalesforceUserMenu" name="mysettings_TC07" time="26.128">
    <failure type="org.openqa.selenium.NoSuchElementException" message="no such element: Unable to locate element: {&amp;quot;method&amp;quot;:&amp;quot;xpath&amp;quot;,&amp;quot;selector&amp;quot;:&amp;quot;//div[@id=&amp;apos;tsid-menuItems&amp;apos;]/a[contains(text(),&amp;apos;Salesforce Chatter&amp;apos;)]&amp;quot;}
  (Session info: chrome=121.0.6167.185)
For documentation on this error, please visit: https://www.seleniumhq.org/exceptions/no_such_element.html
Build info: version: &amp;apos;3.141.59&amp;apos;, revision: &amp;apos;e82be7d358&amp;apos;, time: &amp;apos;2018-11-14T08:17:03&amp;apos;
System info: host: &amp;apos;GIRISH_PC&amp;apos;, ip: &amp;apos;192.168.86.168&amp;apos;, os.name: &amp;apos;Windows 11&amp;apos;, os.arch: &amp;apos;amd64&amp;apos;, os.version: &amp;apos;10.0&amp;apos;, java.version: &amp;apos;17.0.9&amp;apos;
Driver info: org.openqa.selenium.chrome.ChromeDriver
Capabilities {acceptInsecureCerts: false, browserName: chrome, browserVersion: 121.0.6167.185, chrome: {chromedriverVersion: 121.0.6167.184 (057a8ae7deb..., userDataDir: C:\Users\jgiri\AppData\Loca...}, fedcm:accounts: true, goog:chromeOptions: {debuggerAddress: localhost:64613}, javascriptEnabled: true, networkConnectionEnabled: false, pageLoadStrategy: normal, platform: WINDOWS, platformName: WINDOWS, proxy: Proxy(), setWindowRect: true, strictFileInteractability: false, timeouts: {implicit: 0, pageLoad: 300000, script: 30000}, unhandledPromptBehavior: dismiss and notify, webauthn:extension:credBlob: true, webauthn:extension:largeBlob: true, webauthn:extension:minPinLength: true, webauthn:extension:prf: true, webauthn:virtualAuthenticators: true}
Session ID: 358e0d2274cb0cee23201a06c4b26d85
*** Element info: {Using=xpath, value=//div[@id=&amp;apos;tsid-menuItems&amp;apos;]/a[contains(text(),&amp;apos;Salesforce Chatter&amp;apos;)]}">
      <![CDATA[org.openqa.selenium.NoSuchElementException: no such element: Unable to locate element: {"method":"xpath","selector":"//div[@id='tsid-menuItems']/a[contains(text(),'Salesforce Chatter')]"}
  (Session info: chrome=121.0.6167.185)
For documentation on this error, please visit: https://www.seleniumhq.org/exceptions/no_such_element.html
Build info: version: '3.141.59', revision: 'e82be7d358', time: '2018-11-14T08:17:03'
System info: host: 'GIRISH_PC', ip: '192.168.86.168', os.name: 'Windows 11', os.arch: 'amd64', os.version: '10.0', java.version: '17.0.9'
Driver info: org.openqa.selenium.chrome.ChromeDriver
Capabilities {acceptInsecureCerts: false, browserName: chrome, browserVersion: 121.0.6167.185, chrome: {chromedriverVersion: 121.0.6167.184 (057a8ae7deb..., userDataDir: C:\Users\jgiri\AppData\Loca...}, fedcm:accounts: true, goog:chromeOptions: {debuggerAddress: localhost:64613}, javascriptEnabled: true, networkConnectionEnabled: false, pageLoadStrategy: normal, platform: WINDOWS, platformName: WINDOWS, proxy: Proxy(), setWindowRect: true, strictFileInteractability: false, timeouts: {implicit: 0, pageLoad: 300000, script: 30000}, unhandledPromptBehavior: dismiss and notify, webauthn:extension:credBlob: true, webauthn:extension:largeBlob: true, webauthn:extension:minPinLength: true, webauthn:extension:prf: true, webauthn:virtualAuthenticators: true}
Session ID: 358e0d2274cb0cee23201a06c4b26d85
*** Element info: {Using=xpath, value=//div[@id='tsid-menuItems']/a[contains(text(),'Salesforce Chatter')]}
at org.openqa.selenium.remote.http.W3CHttpResponseCodec.createException(W3CHttpResponseCodec.java:187)
at org.openqa.selenium.remote.http.W3CHttpResponseCodec.decode(W3CHttpResponseCodec.java:122)
at org.openqa.selenium.remote.http.W3CHttpResponseCodec.decode(W3CHttpResponseCodec.java:49)
at org.openqa.selenium.remote.HttpCommandExecutor.execute(HttpCommandExecutor.java:158)
at org.openqa.selenium.remote.service.DriverCommandExecutor.execute(DriverCommandExecutor.java:83)
at org.openqa.selenium.remote.RemoteWebDriver.execute(RemoteWebDriver.java:552)
at org.openqa.selenium.remote.RemoteWebDriver.findElement(RemoteWebDriver.java:323)
at org.openqa.selenium.remote.RemoteWebDriver.findElementByXPath(RemoteWebDriver.java:428)
at org.openqa.selenium.By$ByXPath.findElement(By.java:353)
at org.openqa.selenium.remote.RemoteWebDriver.findElement(RemoteWebDriver.java:315)
at com.salesforce.automation.SalesforceUserMenu.mysettings_TC07(SalesforceUserMenu.java:300)
at java.base/java.util.ArrayList.forEach(ArrayList.java:1511)
... Removed 32 stack frames]]>
    </failure>
  </testcase> <!-- mysettings_TC07 -->
  <testcase classname="com.salesforce.automation.SalesforceUserMenu" name="selectUserMenu_TC05" time="4.073"/>
  <testcase classname="com.salesforce.automation.SalesforceUserMenu" name="usermenuDeveloperconsole_TC08" time="6.102"/>
  <testcase classname="com.salesforce.automation.SalesforceUserMenu" name="usermenuLogout_TC09" time="4.942"/>
  <testcase classname="com.salesforce.automation.SalesforceUserMenu" name="changeusername" time="30.385"/>
  <testcase classname="com.salesforce.automation.SalesforceUserMenu" name="selectMyProfile_TC06" time="110.193">
    <failure type="org.openqa.selenium.NoSuchElementException" message="no such element: Unable to locate element: {&amp;quot;method&amp;quot;:&amp;quot;css selector&amp;quot;,&amp;quot;selector&amp;quot;:&amp;quot;#j_id0\:j_id7\:save&amp;quot;}
  (Session info: chrome=121.0.6167.185)
For documentation on this error, please visit: https://www.seleniumhq.org/exceptions/no_such_element.html
Build info: version: &amp;apos;3.141.59&amp;apos;, revision: &amp;apos;e82be7d358&amp;apos;, time: &amp;apos;2018-11-14T08:17:03&amp;apos;
System info: host: &amp;apos;GIRISH_PC&amp;apos;, ip: &amp;apos;192.168.86.168&amp;apos;, os.name: &amp;apos;Windows 11&amp;apos;, os.arch: &amp;apos;amd64&amp;apos;, os.version: &amp;apos;10.0&amp;apos;, java.version: &amp;apos;17.0.9&amp;apos;
Driver info: org.openqa.selenium.chrome.ChromeDriver
Capabilities {acceptInsecureCerts: false, browserName: chrome, browserVersion: 121.0.6167.185, chrome: {chromedriverVersion: 121.0.6167.184 (057a8ae7deb..., userDataDir: C:\Users\jgiri\AppData\Loca...}, fedcm:accounts: true, goog:chromeOptions: {debuggerAddress: localhost:64872}, javascriptEnabled: true, networkConnectionEnabled: false, pageLoadStrategy: normal, platform: WINDOWS, platformName: WINDOWS, proxy: Proxy(), setWindowRect: true, strictFileInteractability: false, timeouts: {implicit: 0, pageLoad: 300000, script: 30000}, unhandledPromptBehavior: dismiss and notify, webauthn:extension:credBlob: true, webauthn:extension:largeBlob: true, webauthn:extension:minPinLength: true, webauthn:extension:prf: true, webauthn:virtualAuthenticators: true}
Session ID: 05f7cf44d6437564d756a19e3d7929d5
*** Element info: {Using=id, value=j_id0:j_id7:save}">
      <![CDATA[org.openqa.selenium.NoSuchElementException: no such element: Unable to locate element: {"method":"css selector","selector":"#j_id0\:j_id7\:save"}
  (Session info: chrome=121.0.6167.185)
For documentation on this error, please visit: https://www.seleniumhq.org/exceptions/no_such_element.html
Build info: version: '3.141.59', revision: 'e82be7d358', time: '2018-11-14T08:17:03'
System info: host: 'GIRISH_PC', ip: '192.168.86.168', os.name: 'Windows 11', os.arch: 'amd64', os.version: '10.0', java.version: '17.0.9'
Driver info: org.openqa.selenium.chrome.ChromeDriver
Capabilities {acceptInsecureCerts: false, browserName: chrome, browserVersion: 121.0.6167.185, chrome: {chromedriverVersion: 121.0.6167.184 (057a8ae7deb..., userDataDir: C:\Users\jgiri\AppData\Loca...}, fedcm:accounts: true, goog:chromeOptions: {debuggerAddress: localhost:64872}, javascriptEnabled: true, networkConnectionEnabled: false, pageLoadStrategy: normal, platform: WINDOWS, platformName: WINDOWS, proxy: Proxy(), setWindowRect: true, strictFileInteractability: false, timeouts: {implicit: 0, pageLoad: 300000, script: 30000}, unhandledPromptBehavior: dismiss and notify, webauthn:extension:credBlob: true, webauthn:extension:largeBlob: true, webauthn:extension:minPinLength: true, webauthn:extension:prf: true, webauthn:virtualAuthenticators: true}
Session ID: 05f7cf44d6437564d756a19e3d7929d5
*** Element info: {Using=id, value=j_id0:j_id7:save}
at org.openqa.selenium.remote.http.W3CHttpResponseCodec.createException(W3CHttpResponseCodec.java:187)
at org.openqa.selenium.remote.http.W3CHttpResponseCodec.decode(W3CHttpResponseCodec.java:122)
at org.openqa.selenium.remote.http.W3CHttpResponseCodec.decode(W3CHttpResponseCodec.java:49)
at org.openqa.selenium.remote.HttpCommandExecutor.execute(HttpCommandExecutor.java:158)
at org.openqa.selenium.remote.service.DriverCommandExecutor.execute(DriverCommandExecutor.java:83)
at org.openqa.selenium.remote.RemoteWebDriver.execute(RemoteWebDriver.java:552)
at org.openqa.selenium.remote.RemoteWebDriver.findElement(RemoteWebDriver.java:323)
at org.openqa.selenium.remote.RemoteWebDriver.findElementById(RemoteWebDriver.java:372)
at org.openqa.selenium.By$ById.findElement(By.java:188)
at org.openqa.selenium.remote.RemoteWebDriver.findElement(RemoteWebDriver.java:315)
at com.salesforce.automation.SalesforceUserMenu.selectMyProfile_TC06(SalesforceUserMenu.java:192)
at java.base/java.util.ArrayList.forEach(ArrayList.java:1511)
... Removed 32 stack frames]]>
    </failure>
  </testcase> <!-- selectMyProfile_TC06 -->
  <testcase classname="com.salesforce.automation.SalesforceAccount" name="CreateAccount_TC10" time="10.617"/>
  <testcase classname="com.salesforce.automation.SalesforceAccount" name="Createaccountreport_TC14" time="18.187"/>
  <testcase classname="com.salesforce.automation.SalesforceAccount" name="Createnewview_TC11" time="5.76"/>
  <testcase classname="com.salesforce.automation.SalesforceAccount" name="Editview_TC12" time="8.759"/>
  <testcase classname="com.salesforce.automation.SalesforceAccount" name="MergeAccounts_TC13" time="11.526"/>
  <testcase classname="com.salesforce.automation.SalesforceAccount" name="removeaccountstab" time="8.214"/>
  <testcase classname="com.salesforce.automation.SalesforceAccount" name="CreateAccountTab_TC10a" time="10.65"/>
  <testcase classname="com.salesforce.automation.SalesforceOpportunity" name="Newopportunity_TC16" time="6.463"/>
  <testcase classname="com.salesforce.automation.SalesforceOpportunity" name="OpportunityPipelineReport_TC17" time="6.079"/>
  <testcase classname="com.salesforce.automation.SalesforceOpportunity" name="QuarterlySummaryReport_TC19" time="6.905"/>
  <testcase classname="com.salesforce.automation.SalesforceOpportunity" name="StuckOpportunitiesReport_TC18" time="5.805"/>
  <testcase classname="com.salesforce.automation.SalesforceOpportunity" name="opportunitydropdown_TC15" time="6.015"/>
  <testcase classname="com.salesforce.automation.SalesforceLeads" name="CheckLeadsTab_TC20" time="4.979"/>
  <testcase classname="com.salesforce.automation.SalesforceLeads" name="LeadsSelectView_TC21" time="5.114"/>
  <testcase classname="com.salesforce.automation.SalesforceLeads" name="ValidateDefaultView_TC22" time="15.852"/>
  <testcase classname="com.salesforce.automation.SalesforceLeads" name="ValidateselectedView_TC23" time="14.765"/>
  <testcase classname="com.salesforce.automation.SalesforceLeads" name="newleadbutton_TC24" time="9.417"/>
  <testcase classname="com.salesforce.automation.SalesforceContacts" name="CreateNewContact_TC25" time="6.517"/>
  <testcase classname="com.salesforce.automation.SalesforceContacts" name="CreateNewViewContact_TC26" time="5.887"/>
  <testcase classname="com.salesforce.automation.SalesforceContacts" name="MyContactsViewTC_28" time="5.01"/>
  <testcase classname="com.salesforce.automation.SalesforceContacts" name="cancelcreatenewview_TC31" time="5.949"/>
  <testcase classname="com.salesforce.automation.SalesforceContacts" name="errormsgcontactview_TC30" time="7.376"/>
  <testcase classname="com.salesforce.automation.SalesforceContacts" name="save_New_TC32" time="6.518"/>
  <testcase classname="com.salesforce.automation.SalesforceContacts" name="validatecreatedcontact_TC27" time="4.42"/>
  <testcase classname="com.salesforce.automation.SalesforceContacts" name="viewcontact_TC29" time="5.261"/>
  <testcase classname="com.salesforce.automation.SalesforceRandomScenarios" name="blockevent_TC36" time="10.262"/>
  <testcase classname="com.salesforce.automation.SalesforceRandomScenarios" name="blockeventrecurrence_TC37" time="14.429"/>
  <testcase classname="com.salesforce.automation.SalesforceRandomScenarios" name="tabcustomization_TC35" time="24.475">
    <failure type="org.openqa.selenium.NoSuchElementException" message="Cannot locate element with text: Cases
For documentation on this error, please visit: https://www.seleniumhq.org/exceptions/no_such_element.html
Build info: version: &amp;apos;3.141.59&amp;apos;, revision: &amp;apos;e82be7d358&amp;apos;, time: &amp;apos;2018-11-14T08:17:03&amp;apos;
System info: host: &amp;apos;GIRISH_PC&amp;apos;, ip: &amp;apos;192.168.86.168&amp;apos;, os.name: &amp;apos;Windows 11&amp;apos;, os.arch: &amp;apos;amd64&amp;apos;, os.version: &amp;apos;10.0&amp;apos;, java.version: &amp;apos;17.0.9&amp;apos;
Driver info: driver.version: unknown">
      <![CDATA[org.openqa.selenium.NoSuchElementException: Cannot locate element with text: Cases
For documentation on this error, please visit: https://www.seleniumhq.org/exceptions/no_such_element.html
Build info: version: '3.141.59', revision: 'e82be7d358', time: '2018-11-14T08:17:03'
System info: host: 'GIRISH_PC', ip: '192.168.86.168', os.name: 'Windows 11', os.arch: 'amd64', os.version: '10.0', java.version: '17.0.9'
Driver info: driver.version: unknown
at org.openqa.selenium.support.ui.Select.selectByVisibleText(Select.java:147)
at com.salesforce.base.BaseTest.selectByTextData(BaseTest.java:221)
at com.salesforce.automation.SalesforceRandomScenarios.tabcustomization_TC35(SalesforceRandomScenarios.java:110)
at java.base/java.util.ArrayList.forEach(ArrayList.java:1511)
... Removed 27 stack frames]]>
    </failure>
  </testcase> <!-- tabcustomization_TC35 -->
  <testcase classname="com.salesforce.automation.SalesforceRandomScenarios" name="validatename_TC33" time="6.269"/>
  <testcase classname="com.salesforce.automation.SalesforceRandomScenarios" name="updateLastName_TC34" time="56.57"/>
</testsuite> <!-- RegressionTest -->
