<html>
<head>
<title>TestNG:  RegressionTest</title>
<link href="../testng.css" rel="stylesheet" type="text/css" />
<link href="../my-testng.css" rel="stylesheet" type="text/css" />

<style type="text/css">
.log { display: none;} 
.stack-trace { display: none;} 
</style>
<script type="text/javascript">
<!--
function flip(e) {
  current = e.style.display;
  if (current == 'block') {
    e.style.display = 'none';
    return 0;
  }
  else {
    e.style.display = 'block';
    return 1;
  }
}

function toggleBox(szDivId, elem, msg1, msg2)
{
  var res = -1;  if (document.getElementById) {
    res = flip(document.getElementById(szDivId));
  }
  else if (document.all) {
    // this is the way old msie versions work
    res = flip(document.all[szDivId]);
  }
  if(elem) {
    if(res == 0) elem.innerHTML = msg1; else elem.innerHTML = msg2;
  }

}

function toggleAllBoxes() {
  if (document.getElementsByTagName) {
    d = document.getElementsByTagName('div');
    for (i = 0; i < d.length; i++) {
      if (d[i].className == 'log') {
        flip(d[i]);
      }
    }
  }
}

// -->
</script>

</head>
<body>
<h2 align='center'>RegressionTest</h2><table border='1' align="center">
<tr>
<td>Tests passed/Failed/Skipped:</td><td>37/1/1</td>
</tr><tr>
<td>Started on:</td><td>Sun Feb 18 20:19:25 EST 2024</td>
</tr>
<tr><td>Total time:</td><td>410 seconds (410752 ms)</td>
</tr><tr>
<td>Included groups:</td><td></td>
</tr><tr>
<td>Excluded groups:</td><td></td>
</tr>
</table><p/>
<small><i>(Hover the method name to see the test class name)</i></small><p/>
<table width='100%' border='1' class='invocation-failed'>
<tr><td colspan='4' align='center'><b>FAILED CONFIGURATIONS</b></td></tr>
<tr><td><b>Test method</b></td>
<td><b>Attribute(s)</b></td>
<td width="30%"><b>Exception</b></td>
<td width="10%"><b>Time (seconds)</b></td>
<td><b>Instance</b></td>
</tr>
<tr>
<td title='com.salesforce.automation.SalesforceUserMenu.tearDownAfterTestMethod()'><b>tearDownAfterTestMethod</b><br>Test class: com.salesforce.automation.SalesforceUserMenu</td>
<td><div><pre>org.openqa.selenium.NoSuchWindowException: no such window: target window already closed
from unknown error: web view not found
  (Session info: chrome=121.0.6167.185)
Build info: version: &apos;3.141.59&apos;, revision: &apos;e82be7d358&apos;, time: &apos;2018-11-14T08:17:03&apos;
System info: host: &apos;GIRISH_PC&apos;, ip: &apos;192.168.86.168&apos;, os.name: &apos;Windows 11&apos;, os.arch: &apos;amd64&apos;, os.version: &apos;10.0&apos;, java.version: &apos;17.0.9&apos;
Driver info: org.openqa.selenium.chrome.ChromeDriver
Capabilities {acceptInsecureCerts: false, browserName: chrome, browserVersion: 121.0.6167.185, chrome: {chromedriverVersion: 121.0.6167.184 (057a8ae7deb..., userDataDir: C:\Users\jgiri\AppData\Loca...}, fedcm:accounts: true, goog:chromeOptions: {debuggerAddress: localhost:53306}, javascriptEnabled: true, networkConnectionEnabled: false, pageLoadStrategy: normal, platform: WINDOWS, platformName: WINDOWS, proxy: Proxy(), setWindowRect: true, strictFileInteractability: false, timeouts: {implicit: 0, pageLoad: 300000, script: 30000}, unhandledPromptBehavior: dismiss and notify, webauthn:extension:credBlob: true, webauthn:extension:largeBlob: true, webauthn:extension:minPinLength: true, webauthn:extension:prf: true, webauthn:virtualAuthenticators: true}
Session ID: 3d71012e9c3db02c95425a2755de4dcc
	at org.openqa.selenium.remote.http.W3CHttpResponseCodec.createException(W3CHttpResponseCodec.java:187)
	at org.openqa.selenium.remote.http.W3CHttpResponseCodec.decode(W3CHttpResponseCodec.java:122)
	at org.openqa.selenium.remote.http.W3CHttpResponseCodec.decode(W3CHttpResponseCodec.java:49)
	at org.openqa.selenium.remote.HttpCommandExecutor.execute(HttpCommandExecutor.java:158)
	at org.openqa.selenium.remote.service.DriverCommandExecutor.execute(DriverCommandExecutor.java:83)
	at org.openqa.selenium.remote.RemoteWebDriver.execute(RemoteWebDriver.java:552)
	at org.openqa.selenium.remote.RemoteWebDriver.execute(RemoteWebDriver.java:609)
	at org.openqa.selenium.remote.RemoteWebDriver.close(RemoteWebDriver.java:442)
	at com.salesforce.base.BaseTest.closeBrowser(BaseTest.java:133)
	at com.salesforce.base.BaseSalesforce.tearDownAfterTestMethod(BaseSalesforce.java:32)
	at java.base/java.util.ArrayList.forEach(ArrayList.java:1511)
... Removed 36 stack frames</pre></div><a href='#' onClick='toggleBox("stack-trace1242611737", this, "Click to show all stack frames", "Click to hide stack frames")'>Click to show all stack frames</a>
<div class='stack-trace' id='stack-trace1242611737'><pre>org.openqa.selenium.NoSuchWindowException: no such window: target window already closed
from unknown error: web view not found
  (Session info: chrome=121.0.6167.185)
Build info: version: &apos;3.141.59&apos;, revision: &apos;e82be7d358&apos;, time: &apos;2018-11-14T08:17:03&apos;
System info: host: &apos;GIRISH_PC&apos;, ip: &apos;192.168.86.168&apos;, os.name: &apos;Windows 11&apos;, os.arch: &apos;amd64&apos;, os.version: &apos;10.0&apos;, java.version: &apos;17.0.9&apos;
Driver info: org.openqa.selenium.chrome.ChromeDriver
Capabilities {acceptInsecureCerts: false, browserName: chrome, browserVersion: 121.0.6167.185, chrome: {chromedriverVersion: 121.0.6167.184 (057a8ae7deb..., userDataDir: C:\Users\jgiri\AppData\Loca...}, fedcm:accounts: true, goog:chromeOptions: {debuggerAddress: localhost:53306}, javascriptEnabled: true, networkConnectionEnabled: false, pageLoadStrategy: normal, platform: WINDOWS, platformName: WINDOWS, proxy: Proxy(), setWindowRect: true, strictFileInteractability: false, timeouts: {implicit: 0, pageLoad: 300000, script: 30000}, unhandledPromptBehavior: dismiss and notify, webauthn:extension:credBlob: true, webauthn:extension:largeBlob: true, webauthn:extension:minPinLength: true, webauthn:extension:prf: true, webauthn:virtualAuthenticators: true}
Session ID: 3d71012e9c3db02c95425a2755de4dcc
	at java.base/jdk.internal.reflect.NativeConstructorAccessorImpl.newInstance0(Native Method)
	at java.base/jdk.internal.reflect.NativeConstructorAccessorImpl.newInstance(NativeConstructorAccessorImpl.java:77)
	at java.base/jdk.internal.reflect.DelegatingConstructorAccessorImpl.newInstance(DelegatingConstructorAccessorImpl.java:45)
	at java.base/java.lang.reflect.Constructor.newInstanceWithCaller(Constructor.java:499)
	at java.base/java.lang.reflect.Constructor.newInstance(Constructor.java:480)
	at org.openqa.selenium.remote.http.W3CHttpResponseCodec.createException(W3CHttpResponseCodec.java:187)
	at org.openqa.selenium.remote.http.W3CHttpResponseCodec.decode(W3CHttpResponseCodec.java:122)
	at org.openqa.selenium.remote.http.W3CHttpResponseCodec.decode(W3CHttpResponseCodec.java:49)
	at org.openqa.selenium.remote.HttpCommandExecutor.execute(HttpCommandExecutor.java:158)
	at org.openqa.selenium.remote.service.DriverCommandExecutor.execute(DriverCommandExecutor.java:83)
	at org.openqa.selenium.remote.RemoteWebDriver.execute(RemoteWebDriver.java:552)
	at org.openqa.selenium.remote.RemoteWebDriver.execute(RemoteWebDriver.java:609)
	at org.openqa.selenium.remote.RemoteWebDriver.close(RemoteWebDriver.java:442)
	at com.salesforce.base.BaseTest.closeBrowser(BaseTest.java:133)
	at com.salesforce.base.BaseSalesforce.tearDownAfterTestMethod(BaseSalesforce.java:32)
	at jdk.internal.reflect.GeneratedMethodAccessor3.invoke(Unknown Source)
	at java.base/jdk.internal.reflect.DelegatingMethodAccessorImpl.invoke(DelegatingMethodAccessorImpl.java:43)
	at java.base/java.lang.reflect.Method.invoke(Method.java:568)
	at org.testng.internal.invokers.MethodInvocationHelper.invokeMethod(MethodInvocationHelper.java:139)
	at org.testng.internal.invokers.MethodInvocationHelper.invokeMethodConsideringTimeout(MethodInvocationHelper.java:69)
	at org.testng.internal.invokers.ConfigInvoker.invokeConfigurationMethod(ConfigInvoker.java:361)
	at org.testng.internal.invokers.ConfigInvoker.invokeConfigurations(ConfigInvoker.java:296)
	at org.testng.internal.invokers.TestInvoker.runConfigMethods(TestInvoker.java:823)
	at org.testng.internal.invokers.TestInvoker.runAfterConfigurations(TestInvoker.java:792)
	at org.testng.internal.invokers.TestInvoker.invokeMethod(TestInvoker.java:768)
	at org.testng.internal.invokers.TestInvoker.invokeTestMethod(TestInvoker.java:221)
	at org.testng.internal.invokers.MethodRunner.runInSequence(MethodRunner.java:50)
	at org.testng.internal.invokers.TestInvoker$MethodInvocationAgent.invoke(TestInvoker.java:969)
	at org.testng.internal.invokers.TestInvoker.invokeTestMethods(TestInvoker.java:194)
	at org.testng.internal.invokers.TestMethodWorker.invokeTestMethods(TestMethodWorker.java:148)
	at org.testng.internal.invokers.TestMethodWorker.run(TestMethodWorker.java:128)
	at java.base/java.util.ArrayList.forEach(ArrayList.java:1511)
	at org.testng.TestRunner.privateRun(TestRunner.java:829)
	at org.testng.TestRunner.run(TestRunner.java:602)
	at org.testng.SuiteRunner.runTest(SuiteRunner.java:437)
	at org.testng.SuiteRunner.runSequentially(SuiteRunner.java:431)
	at org.testng.SuiteRunner.privateRun(SuiteRunner.java:391)
	at org.testng.SuiteRunner.run(SuiteRunner.java:330)
	at org.testng.SuiteRunnerWorker.runSuite(SuiteRunnerWorker.java:52)
	at org.testng.SuiteRunnerWorker.run(SuiteRunnerWorker.java:95)
	at org.testng.TestNG.runSuitesSequentially(TestNG.java:1256)
	at org.testng.TestNG.runSuitesLocally(TestNG.java:1176)
	at org.testng.TestNG.runSuites(TestNG.java:1099)
	at org.testng.TestNG.run(TestNG.java:1067)
	at org.testng.remote.AbstractRemoteTestNG.run(AbstractRemoteTestNG.java:115)
	at org.testng.remote.RemoteTestNG.initAndRun(RemoteTestNG.java:251)
	at org.testng.remote.RemoteTestNG.main(RemoteTestNG.java:77)
</pre></div></td>
<td>0</td>
<td>com.salesforce.automation.SalesforceUserMenu@4795ded0</td></tr>
</table><p>
<table width='100%' border='1' class='invocation-skipped'>
<tr><td colspan='4' align='center'><b>SKIPPED CONFIGURATIONS</b></td></tr>
<tr><td><b>Test method</b></td>
<td><b>Attribute(s)</b></td>
<td width="30%"><b>Exception</b></td>
<td width="10%"><b>Time (seconds)</b></td>
<td><b>Instance</b></td>
</tr>
<tr>
<td title='com.salesforce.automation.SalesforceUserMenu.tearDownAfterTestMethod()'><b>tearDownAfterTestMethod</b><br>Test class: com.salesforce.automation.SalesforceUserMenu</td>
<td></td>
<td>0</td>
<td>com.salesforce.automation.SalesforceUserMenu@4795ded0</td></tr>
<tr>
<td title='com.salesforce.automation.SalesforceUserMenu.setUpBeforeMethod()'><b>setUpBeforeMethod</b><br>Test class: com.salesforce.automation.SalesforceUserMenu</td>
<td></td>
<td>0</td>
<td>com.salesforce.automation.SalesforceUserMenu@4795ded0</td></tr>
</table><p>
<table width='100%' border='1' class='invocation-failed'>
<tr><td colspan='4' align='center'><b>FAILED TESTS</b></td></tr>
<tr><td><b>Test method</b></td>
<td><b>Attribute(s)</b></td>
<td width="30%"><b>Exception</b></td>
<td width="10%"><b>Time (seconds)</b></td>
<td><b>Instance</b></td>
</tr>
<tr>
<td title='com.salesforce.automation.SalesforceUserMenu.selectMyProfile_TC06()'><b>selectMyProfile_TC06</b><br>Test class: com.salesforce.automation.SalesforceUserMenu</td>
<td><div><pre>org.openqa.selenium.ElementClickInterceptedException: element click intercepted: Element &lt;a href=&quot;javascript:void(0);&quot; onblur=&quot;SfdcApp.ChatterProfilePhotoSection.showHideBadgeAndPhotoLinks(false)&quot; id=&quot;uploadLink&quot; onfocus=&quot;SfdcApp.ChatterProfilePhotoSection.showHideBadgeAndPhotoLinks(true)&quot; data-uidsfdc=&quot;75&quot;&gt;...&lt;/a&gt; is not clickable at point (120, 355). Other element would receive the click: &lt;span class=&quot;moderatorBadge&quot; id=&quot;displayBadge&quot;&gt;...&lt;/span&gt;
  (Session info: chrome=121.0.6167.185)
Build info: version: &apos;3.141.59&apos;, revision: &apos;e82be7d358&apos;, time: &apos;2018-11-14T08:17:03&apos;
System info: host: &apos;GIRISH_PC&apos;, ip: &apos;192.168.86.168&apos;, os.name: &apos;Windows 11&apos;, os.arch: &apos;amd64&apos;, os.version: &apos;10.0&apos;, java.version: &apos;17.0.9&apos;
Driver info: org.openqa.selenium.chrome.ChromeDriver
Capabilities {acceptInsecureCerts: false, browserName: chrome, browserVersion: 121.0.6167.185, chrome: {chromedriverVersion: 121.0.6167.184 (057a8ae7deb..., userDataDir: C:\Users\jgiri\AppData\Loca...}, fedcm:accounts: true, goog:chromeOptions: {debuggerAddress: localhost:53221}, javascriptEnabled: true, networkConnectionEnabled: false, pageLoadStrategy: normal, platform: WINDOWS, platformName: WINDOWS, proxy: Proxy(), setWindowRect: true, strictFileInteractability: false, timeouts: {implicit: 0, pageLoad: 300000, script: 30000}, unhandledPromptBehavior: dismiss and notify, webauthn:extension:credBlob: true, webauthn:extension:largeBlob: true, webauthn:extension:minPinLength: true, webauthn:extension:prf: true, webauthn:virtualAuthenticators: true}
Session ID: 86d56471d2e4b45a369b50e02c605f75
	at org.openqa.selenium.remote.http.W3CHttpResponseCodec.createException(W3CHttpResponseCodec.java:187)
	at org.openqa.selenium.remote.http.W3CHttpResponseCodec.decode(W3CHttpResponseCodec.java:122)
	at org.openqa.selenium.remote.http.W3CHttpResponseCodec.decode(W3CHttpResponseCodec.java:49)
	at org.openqa.selenium.remote.HttpCommandExecutor.execute(HttpCommandExecutor.java:158)
	at org.openqa.selenium.remote.service.DriverCommandExecutor.execute(DriverCommandExecutor.java:83)
	at org.openqa.selenium.remote.RemoteWebDriver.execute(RemoteWebDriver.java:552)
	at org.openqa.selenium.remote.RemoteWebElement.execute(RemoteWebElement.java:285)
	at org.openqa.selenium.remote.RemoteWebElement.click(RemoteWebElement.java:84)
	at com.salesforce.base.BaseTest.clickElement(BaseTest.java:110)
	at com.salesforce.automation.SalesforceUserMenu.selectMyProfile_TC06(SalesforceUserMenu.java:146)
	at java.base/java.util.ArrayList.forEach(ArrayList.java:1511)
... Removed 32 stack frames</pre></div><a href='#' onClick='toggleBox("stack-trace1890388052", this, "Click to show all stack frames", "Click to hide stack frames")'>Click to show all stack frames</a>
<div class='stack-trace' id='stack-trace1890388052'><pre>org.openqa.selenium.ElementClickInterceptedException: element click intercepted: Element &lt;a href=&quot;javascript:void(0);&quot; onblur=&quot;SfdcApp.ChatterProfilePhotoSection.showHideBadgeAndPhotoLinks(false)&quot; id=&quot;uploadLink&quot; onfocus=&quot;SfdcApp.ChatterProfilePhotoSection.showHideBadgeAndPhotoLinks(true)&quot; data-uidsfdc=&quot;75&quot;&gt;...&lt;/a&gt; is not clickable at point (120, 355). Other element would receive the click: &lt;span class=&quot;moderatorBadge&quot; id=&quot;displayBadge&quot;&gt;...&lt;/span&gt;
  (Session info: chrome=121.0.6167.185)
Build info: version: &apos;3.141.59&apos;, revision: &apos;e82be7d358&apos;, time: &apos;2018-11-14T08:17:03&apos;
System info: host: &apos;GIRISH_PC&apos;, ip: &apos;192.168.86.168&apos;, os.name: &apos;Windows 11&apos;, os.arch: &apos;amd64&apos;, os.version: &apos;10.0&apos;, java.version: &apos;17.0.9&apos;
Driver info: org.openqa.selenium.chrome.ChromeDriver
Capabilities {acceptInsecureCerts: false, browserName: chrome, browserVersion: 121.0.6167.185, chrome: {chromedriverVersion: 121.0.6167.184 (057a8ae7deb..., userDataDir: C:\Users\jgiri\AppData\Loca...}, fedcm:accounts: true, goog:chromeOptions: {debuggerAddress: localhost:53221}, javascriptEnabled: true, networkConnectionEnabled: false, pageLoadStrategy: normal, platform: WINDOWS, platformName: WINDOWS, proxy: Proxy(), setWindowRect: true, strictFileInteractability: false, timeouts: {implicit: 0, pageLoad: 300000, script: 30000}, unhandledPromptBehavior: dismiss and notify, webauthn:extension:credBlob: true, webauthn:extension:largeBlob: true, webauthn:extension:minPinLength: true, webauthn:extension:prf: true, webauthn:virtualAuthenticators: true}
Session ID: 86d56471d2e4b45a369b50e02c605f75
	at java.base/jdk.internal.reflect.NativeConstructorAccessorImpl.newInstance0(Native Method)
	at java.base/jdk.internal.reflect.NativeConstructorAccessorImpl.newInstance(NativeConstructorAccessorImpl.java:77)
	at java.base/jdk.internal.reflect.DelegatingConstructorAccessorImpl.newInstance(DelegatingConstructorAccessorImpl.java:45)
	at java.base/java.lang.reflect.Constructor.newInstanceWithCaller(Constructor.java:499)
	at java.base/java.lang.reflect.Constructor.newInstance(Constructor.java:480)
	at org.openqa.selenium.remote.http.W3CHttpResponseCodec.createException(W3CHttpResponseCodec.java:187)
	at org.openqa.selenium.remote.http.W3CHttpResponseCodec.decode(W3CHttpResponseCodec.java:122)
	at org.openqa.selenium.remote.http.W3CHttpResponseCodec.decode(W3CHttpResponseCodec.java:49)
	at org.openqa.selenium.remote.HttpCommandExecutor.execute(HttpCommandExecutor.java:158)
	at org.openqa.selenium.remote.service.DriverCommandExecutor.execute(DriverCommandExecutor.java:83)
	at org.openqa.selenium.remote.RemoteWebDriver.execute(RemoteWebDriver.java:552)
	at org.openqa.selenium.remote.RemoteWebElement.execute(RemoteWebElement.java:285)
	at org.openqa.selenium.remote.RemoteWebElement.click(RemoteWebElement.java:84)
	at com.salesforce.base.BaseTest.clickElement(BaseTest.java:110)
	at com.salesforce.automation.SalesforceUserMenu.selectMyProfile_TC06(SalesforceUserMenu.java:146)
	at java.base/jdk.internal.reflect.NativeMethodAccessorImpl.invoke0(Native Method)
	at java.base/jdk.internal.reflect.NativeMethodAccessorImpl.invoke(NativeMethodAccessorImpl.java:77)
	at java.base/jdk.internal.reflect.DelegatingMethodAccessorImpl.invoke(DelegatingMethodAccessorImpl.java:43)
	at java.base/java.lang.reflect.Method.invoke(Method.java:568)
	at org.testng.internal.invokers.MethodInvocationHelper.invokeMethod(MethodInvocationHelper.java:139)
	at org.testng.internal.invokers.TestInvoker.invokeMethod(TestInvoker.java:677)
	at org.testng.internal.invokers.TestInvoker.invokeTestMethod(TestInvoker.java:221)
	at org.testng.internal.invokers.MethodRunner.runInSequence(MethodRunner.java:50)
	at org.testng.internal.invokers.TestInvoker$MethodInvocationAgent.invoke(TestInvoker.java:969)
	at org.testng.internal.invokers.TestInvoker.invokeTestMethods(TestInvoker.java:194)
	at org.testng.internal.invokers.TestMethodWorker.invokeTestMethods(TestMethodWorker.java:148)
	at org.testng.internal.invokers.TestMethodWorker.run(TestMethodWorker.java:128)
	at java.base/java.util.ArrayList.forEach(ArrayList.java:1511)
	at org.testng.TestRunner.privateRun(TestRunner.java:829)
	at org.testng.TestRunner.run(TestRunner.java:602)
	at org.testng.SuiteRunner.runTest(SuiteRunner.java:437)
	at org.testng.SuiteRunner.runSequentially(SuiteRunner.java:431)
	at org.testng.SuiteRunner.privateRun(SuiteRunner.java:391)
	at org.testng.SuiteRunner.run(SuiteRunner.java:330)
	at org.testng.SuiteRunnerWorker.runSuite(SuiteRunnerWorker.java:52)
	at org.testng.SuiteRunnerWorker.run(SuiteRunnerWorker.java:95)
	at org.testng.TestNG.runSuitesSequentially(TestNG.java:1256)
	at org.testng.TestNG.runSuitesLocally(TestNG.java:1176)
	at org.testng.TestNG.runSuites(TestNG.java:1099)
	at org.testng.TestNG.run(TestNG.java:1067)
	at org.testng.remote.AbstractRemoteTestNG.run(AbstractRemoteTestNG.java:115)
	at org.testng.remote.RemoteTestNG.initAndRun(RemoteTestNG.java:251)
	at org.testng.remote.RemoteTestNG.main(RemoteTestNG.java:77)
</pre></div></td>
<td>62</td>
<td>com.salesforce.automation.SalesforceUserMenu@4795ded0</td></tr>
</table><p>
<table width='100%' border='1' class='invocation-passed'>
<tr><td colspan='4' align='center'><b>PASSED TESTS</b></td></tr>
<tr><td><b>Test method</b></td>
<td><b>Attribute(s)</b></td>
<td width="30%"><b>Exception</b></td>
<td width="10%"><b>Time (seconds)</b></td>
<td><b>Instance</b></td>
</tr>
<tr>
<td title='com.salesforce.automation.SalesforceLeads.CheckLeadsTab_TC20()'><b>CheckLeadsTab_TC20</b><br>Test class: com.salesforce.automation.SalesforceLeads</td>
<td></td>
<td>4</td>
<td>com.salesforce.automation.SalesforceLeads@32c8e539</td></tr>
<tr>
<td title='com.salesforce.automation.SalesforceAccount.Createaccountreport_TC14()'><b>Createaccountreport_TC14</b><br>Test class: com.salesforce.automation.SalesforceAccount</td>
<td></td>
<td>18</td>
<td>com.salesforce.automation.SalesforceAccount@53dacd14</td></tr>
<tr>
<td title='com.salesforce.automation.SalesforceAccount.CreateAccountTab_TC10a()'><b>CreateAccountTab_TC10a</b><br>Test class: com.salesforce.automation.SalesforceAccount</td>
<td></td>
<td>11</td>
<td>com.salesforce.automation.SalesforceAccount@53dacd14</td></tr>
<tr>
<td title='com.salesforce.automation.SalesforceContacts.CreateNewContact_TC25()'><b>CreateNewContact_TC25</b><br>Test class: com.salesforce.automation.SalesforceContacts</td>
<td></td>
<td>6</td>
<td>com.salesforce.automation.SalesforceContacts@14d14731</td></tr>
<tr>
<td title='com.salesforce.automation.SalesforceRandomScenarios.blockeventrecurrence_TC37()'><b>blockeventrecurrence_TC37</b><br>Test class: com.salesforce.automation.SalesforceRandomScenarios</td>
<td></td>
<td>12</td>
<td>com.salesforce.automation.SalesforceRandomScenarios@2eced48b</td></tr>
<tr>
<td title='com.salesforce.automation.SalesforceLeads.ValidateDefaultView_TC22()'><b>ValidateDefaultView_TC22</b><br>Test class: com.salesforce.automation.SalesforceLeads</td>
<td></td>
<td>14</td>
<td>com.salesforce.automation.SalesforceLeads@32c8e539</td></tr>
<tr>
<td title='com.salesforce.automation.SalesforceAccount.CreateAccount_TC10()'><b>CreateAccount_TC10</b><br>Test class: com.salesforce.automation.SalesforceAccount</td>
<td></td>
<td>9</td>
<td>com.salesforce.automation.SalesforceAccount@53dacd14</td></tr>
<tr>
<td title='com.salesforce.automation.SalesforceOpportunity.Newopportunity_TC16()'><b>Newopportunity_TC16</b><br>Test class: com.salesforce.automation.SalesforceOpportunity</td>
<td></td>
<td>6</td>
<td>com.salesforce.automation.SalesforceOpportunity@73dce0e6</td></tr>
<tr>
<td title='com.salesforce.automation.SalesforceContacts.save_New_TC32()'><b>save_New_TC32</b><br>Test class: com.salesforce.automation.SalesforceContacts</td>
<td></td>
<td>7</td>
<td>com.salesforce.automation.SalesforceContacts@14d14731</td></tr>
<tr>
<td title='com.salesforce.automation.SalesforceOpportunity.QuarterlySummaryReport_TC19()'><b>QuarterlySummaryReport_TC19</b><br>Test class: com.salesforce.automation.SalesforceOpportunity</td>
<td></td>
<td>3</td>
<td>com.salesforce.automation.SalesforceOpportunity@73dce0e6</td></tr>
<tr>
<td title='com.salesforce.automation.SalesforceUserMenu.selectUserMenu_TC05()'><b>selectUserMenu_TC05</b><br>Test class: com.salesforce.automation.SalesforceUserMenu</td>
<td></td>
<td>4</td>
<td>com.salesforce.automation.SalesforceUserMenu@4795ded0</td></tr>
<tr>
<td title='com.salesforce.automation.SalesforceUserMenu.usermenuDeveloperconsole_TC08()'><b>usermenuDeveloperconsole_TC08</b><br>Test class: com.salesforce.automation.SalesforceUserMenu</td>
<td></td>
<td>5</td>
<td>com.salesforce.automation.SalesforceUserMenu@4795ded0</td></tr>
<tr>
<td title='com.salesforce.automation.SalesforceUserMenu.mysettings_TC07()'><b>mysettings_TC07</b><br>Test class: com.salesforce.automation.SalesforceUserMenu</td>
<td></td>
<td>11</td>
<td>com.salesforce.automation.SalesforceUserMenu@4795ded0</td></tr>
<tr>
<td title='com.salesforce.automation.SalesforceAccount.Createnewview_TC11()'><b>Createnewview_TC11</b><br>Test class: com.salesforce.automation.SalesforceAccount</td>
<td></td>
<td>5</td>
<td>com.salesforce.automation.SalesforceAccount@53dacd14</td></tr>
<tr>
<td title='com.salesforce.automation.SalesforceLeads.LeadsSelectView_TC21()'><b>LeadsSelectView_TC21</b><br>Test class: com.salesforce.automation.SalesforceLeads</td>
<td></td>
<td>4</td>
<td>com.salesforce.automation.SalesforceLeads@32c8e539</td></tr>
<tr>
<td title='com.salesforce.automation.SalesforceLeads.ValidateselectedView_TC23()'><b>ValidateselectedView_TC23</b><br>Test class: com.salesforce.automation.SalesforceLeads</td>
<td></td>
<td>10</td>
<td>com.salesforce.automation.SalesforceLeads@32c8e539</td></tr>
<tr>
<td title='com.salesforce.automation.SalesforceAccount.MergeAccounts_TC13()'><b>MergeAccounts_TC13</b><br>Test class: com.salesforce.automation.SalesforceAccount</td>
<td></td>
<td>6</td>
<td>com.salesforce.automation.SalesforceAccount@53dacd14</td></tr>
<tr>
<td title='com.salesforce.automation.SalesforceRandomScenarios.updateLastName_TC34()'><b>updateLastName_TC34</b><br>Test class: com.salesforce.automation.SalesforceRandomScenarios</td>
<td></td>
<td>29</td>
<td>com.salesforce.automation.SalesforceRandomScenarios@2eced48b</td></tr>
<tr>
<td title='com.salesforce.automation.SalesforceOpportunity.OpportunityPipelineReport_TC17()'><b>OpportunityPipelineReport_TC17</b><br>Test class: com.salesforce.automation.SalesforceOpportunity</td>
<td></td>
<td>3</td>
<td>com.salesforce.automation.SalesforceOpportunity@73dce0e6</td></tr>
<tr>
<td title='com.salesforce.automation.SalesforceRandomScenarios.blockevent_TC36()'><b>blockevent_TC36</b><br>Test class: com.salesforce.automation.SalesforceRandomScenarios</td>
<td></td>
<td>10</td>
<td>com.salesforce.automation.SalesforceRandomScenarios@2eced48b</td></tr>
<tr>
<td title='com.salesforce.automation.SalesforceLeads.newleadbutton_TC24()'><b>newleadbutton_TC24</b><br>Test class: com.salesforce.automation.SalesforceLeads</td>
<td></td>
<td>7</td>
<td>com.salesforce.automation.SalesforceLeads@32c8e539</td></tr>
<tr>
<td title='com.salesforce.automation.SalesforceContacts.errormsgcontactview_TC30()'><b>errormsgcontactview_TC30</b><br>Test class: com.salesforce.automation.SalesforceContacts</td>
<td></td>
<td>4</td>
<td>com.salesforce.automation.SalesforceContacts@14d14731</td></tr>
<tr>
<td title='com.salesforce.automation.SalesforceContacts.CreateNewViewContact_TC26()'><b>CreateNewViewContact_TC26</b><br>Test class: com.salesforce.automation.SalesforceContacts</td>
<td></td>
<td>5</td>
<td>com.salesforce.automation.SalesforceContacts@14d14731</td></tr>
<tr>
<td title='com.salesforce.automation.SalesforceLogin.LoginToSalesForce_TC2()'><b>LoginToSalesForce_TC2</b><br>Test class: com.salesforce.automation.SalesforceLogin</td>
<td></td>
<td>3</td>
<td>com.salesforce.automation.SalesforceLogin@2a79d4b1</td></tr>
<tr>
<td title='com.salesforce.automation.SalesforceContacts.validatecreatedcontact_TC27()'><b>validatecreatedcontact_TC27</b><br>Test class: com.salesforce.automation.SalesforceContacts</td>
<td></td>
<td>4</td>
<td>com.salesforce.automation.SalesforceContacts@14d14731</td></tr>
<tr>
<td title='com.salesforce.automation.SalesforceLogin.CheckRemeberMe_TC3()'><b>CheckRemeberMe_TC3</b><br>Test class: com.salesforce.automation.SalesforceLogin</td>
<td></td>
<td>6</td>
<td>com.salesforce.automation.SalesforceLogin@2a79d4b1</td></tr>
<tr>
<td title='com.salesforce.automation.SalesforceOpportunity.opportunitydropdown_TC15()'><b>opportunitydropdown_TC15</b><br>Test class: com.salesforce.automation.SalesforceOpportunity</td>
<td></td>
<td>3</td>
<td>com.salesforce.automation.SalesforceOpportunity@73dce0e6</td></tr>
<tr>
<td title='com.salesforce.automation.SalesforceLogin.ValidateLoginErrorMessage_TC4B()'><b>ValidateLoginErrorMessage_TC4B</b><br>Test class: com.salesforce.automation.SalesforceLogin</td>
<td></td>
<td>0</td>
<td>com.salesforce.automation.SalesforceLogin@2a79d4b1</td></tr>
<tr>
<td title='com.salesforce.automation.SalesforceLogin.LoginErrorMessage_TC1()'><b>LoginErrorMessage_TC1</b><br>Test class: com.salesforce.automation.SalesforceLogin</td>
<td></td>
<td>0</td>
<td>com.salesforce.automation.SalesforceLogin@2a79d4b1</td></tr>
<tr>
<td title='com.salesforce.automation.SalesforceRandomScenarios.tabcustomization_TC35()'><b>tabcustomization_TC35</b><br>Test class: com.salesforce.automation.SalesforceRandomScenarios</td>
<td></td>
<td>30</td>
<td>com.salesforce.automation.SalesforceRandomScenarios@2eced48b</td></tr>
<tr>
<td title='com.salesforce.automation.SalesforceContacts.viewcontact_TC29()'><b>viewcontact_TC29</b><br>Test class: com.salesforce.automation.SalesforceContacts</td>
<td></td>
<td>5</td>
<td>com.salesforce.automation.SalesforceContacts@14d14731</td></tr>
<tr>
<td title='com.salesforce.automation.SalesforceOpportunity.StuckOpportunitiesReport_TC18()'><b>StuckOpportunitiesReport_TC18</b><br>Test class: com.salesforce.automation.SalesforceOpportunity</td>
<td></td>
<td>5</td>
<td>com.salesforce.automation.SalesforceOpportunity@73dce0e6</td></tr>
<tr>
<td title='com.salesforce.automation.SalesforceAccount.Editview_TC12()'><b>Editview_TC12</b><br>Test class: com.salesforce.automation.SalesforceAccount</td>
<td></td>
<td>7</td>
<td>com.salesforce.automation.SalesforceAccount@53dacd14</td></tr>
<tr>
<td title='com.salesforce.automation.SalesforceContacts.MyContactsViewTC_28()'><b>MyContactsViewTC_28</b><br>Test class: com.salesforce.automation.SalesforceContacts</td>
<td></td>
<td>4</td>
<td>com.salesforce.automation.SalesforceContacts@14d14731</td></tr>
<tr>
<td title='com.salesforce.automation.SalesforceRandomScenarios.validatename_TC33()'><b>validatename_TC33</b><br>Test class: com.salesforce.automation.SalesforceRandomScenarios</td>
<td></td>
<td>6</td>
<td>com.salesforce.automation.SalesforceRandomScenarios@2eced48b</td></tr>
<tr>
<td title='com.salesforce.automation.SalesforceLogin.ForgotPassword_TC4A()'><b>ForgotPassword_TC4A</b><br>Test class: com.salesforce.automation.SalesforceLogin</td>
<td></td>
<td>0</td>
<td>com.salesforce.automation.SalesforceLogin@2a79d4b1</td></tr>
<tr>
<td title='com.salesforce.automation.SalesforceContacts.cancelcreatenewview_TC31()'><b>cancelcreatenewview_TC31</b><br>Test class: com.salesforce.automation.SalesforceContacts</td>
<td></td>
<td>4</td>
<td>com.salesforce.automation.SalesforceContacts@14d14731</td></tr>
</table><p>
<table width='100%' border='1' class='invocation-skipped'>
<tr><td colspan='4' align='center'><b>SKIPPED TESTS</b></td></tr>
<tr><td><b>Test method</b></td>
<td><b>Attribute(s)</b></td>
<td width="30%"><b>Exception</b></td>
<td width="10%"><b>Time (seconds)</b></td>
<td><b>Instance</b></td>
</tr>
<tr>
<td title='com.salesforce.automation.SalesforceUserMenu.usermenuLogout_TC09()'><b>usermenuLogout_TC09</b><br>Test class: com.salesforce.automation.SalesforceUserMenu</td>
<td><div><pre>org.openqa.selenium.NoSuchWindowException: no such window: target window already closed
from unknown error: web view not found
  (Session info: chrome=121.0.6167.185)
Build info: version: &apos;3.141.59&apos;, revision: &apos;e82be7d358&apos;, time: &apos;2018-11-14T08:17:03&apos;
System info: host: &apos;GIRISH_PC&apos;, ip: &apos;192.168.86.168&apos;, os.name: &apos;Windows 11&apos;, os.arch: &apos;amd64&apos;, os.version: &apos;10.0&apos;, java.version: &apos;17.0.9&apos;
Driver info: org.openqa.selenium.chrome.ChromeDriver
Capabilities {acceptInsecureCerts: false, browserName: chrome, browserVersion: 121.0.6167.185, chrome: {chromedriverVersion: 121.0.6167.184 (057a8ae7deb..., userDataDir: C:\Users\jgiri\AppData\Loca...}, fedcm:accounts: true, goog:chromeOptions: {debuggerAddress: localhost:53306}, javascriptEnabled: true, networkConnectionEnabled: false, pageLoadStrategy: normal, platform: WINDOWS, platformName: WINDOWS, proxy: Proxy(), setWindowRect: true, strictFileInteractability: false, timeouts: {implicit: 0, pageLoad: 300000, script: 30000}, unhandledPromptBehavior: dismiss and notify, webauthn:extension:credBlob: true, webauthn:extension:largeBlob: true, webauthn:extension:minPinLength: true, webauthn:extension:prf: true, webauthn:virtualAuthenticators: true}
Session ID: 3d71012e9c3db02c95425a2755de4dcc
	at org.openqa.selenium.remote.http.W3CHttpResponseCodec.createException(W3CHttpResponseCodec.java:187)
	at org.openqa.selenium.remote.http.W3CHttpResponseCodec.decode(W3CHttpResponseCodec.java:122)
	at org.openqa.selenium.remote.http.W3CHttpResponseCodec.decode(W3CHttpResponseCodec.java:49)
	at org.openqa.selenium.remote.HttpCommandExecutor.execute(HttpCommandExecutor.java:158)
	at org.openqa.selenium.remote.service.DriverCommandExecutor.execute(DriverCommandExecutor.java:83)
	at org.openqa.selenium.remote.RemoteWebDriver.execute(RemoteWebDriver.java:552)
	at org.openqa.selenium.remote.RemoteWebDriver.execute(RemoteWebDriver.java:609)
	at org.openqa.selenium.remote.RemoteWebDriver.close(RemoteWebDriver.java:442)
	at com.salesforce.base.BaseTest.closeBrowser(BaseTest.java:133)
	at com.salesforce.base.BaseSalesforce.tearDownAfterTestMethod(BaseSalesforce.java:32)
	at java.base/java.util.ArrayList.forEach(ArrayList.java:1511)
... Removed 36 stack frames</pre></div><a href='#' onClick='toggleBox("stack-trace1787546468", this, "Click to show all stack frames", "Click to hide stack frames")'>Click to show all stack frames</a>
<div class='stack-trace' id='stack-trace1787546468'><pre>org.openqa.selenium.NoSuchWindowException: no such window: target window already closed
from unknown error: web view not found
  (Session info: chrome=121.0.6167.185)
Build info: version: &apos;3.141.59&apos;, revision: &apos;e82be7d358&apos;, time: &apos;2018-11-14T08:17:03&apos;
System info: host: &apos;GIRISH_PC&apos;, ip: &apos;192.168.86.168&apos;, os.name: &apos;Windows 11&apos;, os.arch: &apos;amd64&apos;, os.version: &apos;10.0&apos;, java.version: &apos;17.0.9&apos;
Driver info: org.openqa.selenium.chrome.ChromeDriver
Capabilities {acceptInsecureCerts: false, browserName: chrome, browserVersion: 121.0.6167.185, chrome: {chromedriverVersion: 121.0.6167.184 (057a8ae7deb..., userDataDir: C:\Users\jgiri\AppData\Loca...}, fedcm:accounts: true, goog:chromeOptions: {debuggerAddress: localhost:53306}, javascriptEnabled: true, networkConnectionEnabled: false, pageLoadStrategy: normal, platform: WINDOWS, platformName: WINDOWS, proxy: Proxy(), setWindowRect: true, strictFileInteractability: false, timeouts: {implicit: 0, pageLoad: 300000, script: 30000}, unhandledPromptBehavior: dismiss and notify, webauthn:extension:credBlob: true, webauthn:extension:largeBlob: true, webauthn:extension:minPinLength: true, webauthn:extension:prf: true, webauthn:virtualAuthenticators: true}
Session ID: 3d71012e9c3db02c95425a2755de4dcc
	at java.base/jdk.internal.reflect.NativeConstructorAccessorImpl.newInstance0(Native Method)
	at java.base/jdk.internal.reflect.NativeConstructorAccessorImpl.newInstance(NativeConstructorAccessorImpl.java:77)
	at java.base/jdk.internal.reflect.DelegatingConstructorAccessorImpl.newInstance(DelegatingConstructorAccessorImpl.java:45)
	at java.base/java.lang.reflect.Constructor.newInstanceWithCaller(Constructor.java:499)
	at java.base/java.lang.reflect.Constructor.newInstance(Constructor.java:480)
	at org.openqa.selenium.remote.http.W3CHttpResponseCodec.createException(W3CHttpResponseCodec.java:187)
	at org.openqa.selenium.remote.http.W3CHttpResponseCodec.decode(W3CHttpResponseCodec.java:122)
	at org.openqa.selenium.remote.http.W3CHttpResponseCodec.decode(W3CHttpResponseCodec.java:49)
	at org.openqa.selenium.remote.HttpCommandExecutor.execute(HttpCommandExecutor.java:158)
	at org.openqa.selenium.remote.service.DriverCommandExecutor.execute(DriverCommandExecutor.java:83)
	at org.openqa.selenium.remote.RemoteWebDriver.execute(RemoteWebDriver.java:552)
	at org.openqa.selenium.remote.RemoteWebDriver.execute(RemoteWebDriver.java:609)
	at org.openqa.selenium.remote.RemoteWebDriver.close(RemoteWebDriver.java:442)
	at com.salesforce.base.BaseTest.closeBrowser(BaseTest.java:133)
	at com.salesforce.base.BaseSalesforce.tearDownAfterTestMethod(BaseSalesforce.java:32)
	at jdk.internal.reflect.GeneratedMethodAccessor3.invoke(Unknown Source)
	at java.base/jdk.internal.reflect.DelegatingMethodAccessorImpl.invoke(DelegatingMethodAccessorImpl.java:43)
	at java.base/java.lang.reflect.Method.invoke(Method.java:568)
	at org.testng.internal.invokers.MethodInvocationHelper.invokeMethod(MethodInvocationHelper.java:139)
	at org.testng.internal.invokers.MethodInvocationHelper.invokeMethodConsideringTimeout(MethodInvocationHelper.java:69)
	at org.testng.internal.invokers.ConfigInvoker.invokeConfigurationMethod(ConfigInvoker.java:361)
	at org.testng.internal.invokers.ConfigInvoker.invokeConfigurations(ConfigInvoker.java:296)
	at org.testng.internal.invokers.TestInvoker.runConfigMethods(TestInvoker.java:823)
	at org.testng.internal.invokers.TestInvoker.runAfterConfigurations(TestInvoker.java:792)
	at org.testng.internal.invokers.TestInvoker.invokeMethod(TestInvoker.java:768)
	at org.testng.internal.invokers.TestInvoker.invokeTestMethod(TestInvoker.java:221)
	at org.testng.internal.invokers.MethodRunner.runInSequence(MethodRunner.java:50)
	at org.testng.internal.invokers.TestInvoker$MethodInvocationAgent.invoke(TestInvoker.java:969)
	at org.testng.internal.invokers.TestInvoker.invokeTestMethods(TestInvoker.java:194)
	at org.testng.internal.invokers.TestMethodWorker.invokeTestMethods(TestMethodWorker.java:148)
	at org.testng.internal.invokers.TestMethodWorker.run(TestMethodWorker.java:128)
	at java.base/java.util.ArrayList.forEach(ArrayList.java:1511)
	at org.testng.TestRunner.privateRun(TestRunner.java:829)
	at org.testng.TestRunner.run(TestRunner.java:602)
	at org.testng.SuiteRunner.runTest(SuiteRunner.java:437)
	at org.testng.SuiteRunner.runSequentially(SuiteRunner.java:431)
	at org.testng.SuiteRunner.privateRun(SuiteRunner.java:391)
	at org.testng.SuiteRunner.run(SuiteRunner.java:330)
	at org.testng.SuiteRunnerWorker.runSuite(SuiteRunnerWorker.java:52)
	at org.testng.SuiteRunnerWorker.run(SuiteRunnerWorker.java:95)
	at org.testng.TestNG.runSuitesSequentially(TestNG.java:1256)
	at org.testng.TestNG.runSuitesLocally(TestNG.java:1176)
	at org.testng.TestNG.runSuites(TestNG.java:1099)
	at org.testng.TestNG.run(TestNG.java:1067)
	at org.testng.remote.AbstractRemoteTestNG.run(AbstractRemoteTestNG.java:115)
	at org.testng.remote.RemoteTestNG.initAndRun(RemoteTestNG.java:251)
	at org.testng.remote.RemoteTestNG.main(RemoteTestNG.java:77)
</pre></div></td>
<td>0</td>
<td>com.salesforce.automation.SalesforceUserMenu@4795ded0</td></tr>
</table><p>
</body>
</html>